===================== processing the file south_tau3_0.txt =======================
**  assumptions 14 premises 0
** Reasoner time:0.0
** Label computation time 0.0
**  assumptions 14 premises 114
** Reasoner time:0.02
** Label computation time 0.0
ew nogoods = []
ew nogoods length = 0
ns nogoods = []
ns nogoods length = 0
total nogood number is: 0
===================== processing the file south_tau3_1.txt =======================
**  assumptions 16 premises 0
** Reasoner time:0.0
** Label computation time 0.0
**  assumptions 16 premises 182
** Reasoner time:0.05
** Label computation time 0.0
ew nogoods = []
ew nogoods length = 0
ns nogoods = []
ns nogoods length = 0
total nogood number is: 0
===================== processing the file south_tau3_2.txt =======================
**  assumptions 8 premises 0
** Reasoner time:0.0
** Label computation time 0.0
**  assumptions 8 premises 84
** Reasoner time:0.01
** Label computation time 0.0
ew nogoods = []
ew nogoods length = 0
ns nogoods = []
ns nogoods length = 0
total nogood number is: 0
===================== processing the file south_tau3_3.txt =======================
**  assumptions 22 premises 0
** Reasoner time:0.0
** Label computation time 0.0
**  assumptions 22 premises 288
** Reasoner time:0.11
** Label computation time 0.0
ew nogoods = []
ew nogoods length = 0
ns nogoods = []
ns nogoods length = 0
total nogood number is: 0
===================== processing the file south_tau3_4.txt =======================
**  assumptions 4 premises 0
** Reasoner time:0.0
** Label computation time 0.0
**  assumptions 4 premises 188
** Reasoner time:0.05
** Label computation time 0.0
ew nogoods = []
ew nogoods length = 0
ns nogoods = []
ns nogoods length = 0
total nogood number is: 0
===================== processing the file south_tau3_5.txt =======================
**  assumptions 124 premises 0
** Reasoner time:0.0
** Label computation time 0.0
**  assumptions 124 premises 1436
** Reasoner time:51.82
** Label computation time 0.0
ew nogoods = []
ew nogoods length = 0
ns nogoods = []
ns nogoods length = 0
total nogood number is: 0
===================== processing the file south_tau3_6.txt =======================
**  assumptions 0 premises 0
** Reasoner time:0.0
** Label computation time 0.0
**  assumptions 0 premises 0
** Reasoner time:0.0
** Label computation time 0.0
ew nogoods = []
ew nogoods length = 0
ns nogoods = []
ns nogoods length = 0
total nogood number is: 0
===================== processing the file south_tau3_7.txt =======================
**  assumptions 10 premises 0
** Reasoner time:0.0
** Label computation time 0.0
**  assumptions 10 premises 72
** Reasoner time:0.01
** Label computation time 0.0
ew nogoods = []
ew nogoods length = 0
ns nogoods = []
ns nogoods length = 0
total nogood number is: 0
===================== processing the file south_tau3_8.txt =======================
**  assumptions 6 premises 0
** Reasoner time:0.0
** Label computation time 0.0
**  assumptions 6 premises 166
** Reasoner time:0.03
** Label computation time 0.0
ew nogoods = []
ew nogoods length = 0
ns nogoods = []
ns nogoods length = 0
total nogood number is: 0
===================== processing the file south_tau3_9.txt =======================
**  assumptions 55 premises 0
** Reasoner time:0.0
** Label computation time 0.0
**  assumptions 55 premises 2492
** Reasoner time:184.44
** Label computation time 0.01
ew nogoods = []
ew nogoods length = 0
ns nogoods = []
ns nogoods length = 0
total nogood number is: 0
===================== processing the file south_tau3_10.txt =======================
**  assumptions 6 premises 0
** Reasoner time:0.0
** Label computation time 0.0
**  assumptions 6 premises 62
** Reasoner time:0.01
** Label computation time 0.0
ew nogoods = []
ew nogoods length = 0
ns nogoods = []
ns nogoods length = 0
total nogood number is: 0
===================== processing the file south_tau3_11.txt =======================
**  assumptions 12 premises 0
** Reasoner time:0.0
** Label computation time 0.0
**  assumptions 12 premises 1524
** Reasoner time:80.15
** Label computation time 0.01
ew nogoods = []
ew nogoods length = 0
ns nogoods = []
ns nogoods length = 0
total nogood number is: 0
===================== processing the file south_tau3_12.txt =======================
**  assumptions 50 premises 0
** Reasoner time:0.0
** Label computation time 0.0
**  assumptions 50 premises 482
** Reasoner time:1.18
** Label computation time 0.0
ew nogoods = []
ew nogoods length = 0
ns nogoods = []
ns nogoods length = 0
total nogood number is: 0
===================== processing the file south_tau3_13.txt =======================
**  assumptions 6 premises 0
** Reasoner time:0.0
** Label computation time 0.0
**  assumptions 6 premises 158
** Reasoner time:0.05
** Label computation time 0.0
ew nogoods = []
ew nogoods length = 0
ns nogoods = []
ns nogoods length = 0
total nogood number is: 0
===================== processing the file south_tau3_14.txt =======================
**  assumptions 123 premises 0
** Reasoner time:0.0
** Label computation time 0.0
**  assumptions 123 premises 1476
** Reasoner time:27.29
** Label computation time 0.0
ew nogoods = []
ew nogoods length = 0
ns nogoods = []
ns nogoods length = 0
total nogood number is: 0
===================== processing the file south_tau3_15.txt =======================
**  assumptions 11 premises 0
** Reasoner time:0.0
** Label computation time 0.0
**  assumptions 11 premises 32
** Reasoner time:0.0
** Label computation time 0.0
ew nogoods = []
ew nogoods length = 0
ns nogoods = []
ns nogoods length = 0
total nogood number is: 0
===================== processing the file south_tau3_16.txt =======================
**  assumptions 4 premises 0
** Reasoner time:0.0
** Label computation time 0.0
**  assumptions 4 premises 362
** Reasoner time:0.32
** Label computation time 0.0
ew nogoods = []
ew nogoods length = 0
ns nogoods = []
ns nogoods length = 0
total nogood number is: 0
===================== processing the file south_tau3_17.txt =======================
**  assumptions 2 premises 0
** Reasoner time:0.0
** Label computation time 0.0
**  assumptions 2 premises 14
** Reasoner time:0.0
** Label computation time 0.0
ew nogoods = []
ew nogoods length = 0
ns nogoods = []
ns nogoods length = 0
total nogood number is: 0
===================== processing the file south_tau3_18.txt =======================
**  assumptions 29 premises 0
** Reasoner time:0.0
** Label computation time 0.0
**  assumptions 29 premises 224
** Reasoner time:0.09
** Label computation time 0.0
ew nogoods = []
ew nogoods length = 0
ns nogoods = []
ns nogoods length = 0
total nogood number is: 0
===================== processing the file south_tau3_19.txt =======================
**  assumptions 4 premises 0
** Reasoner time:0.0
** Label computation time 0.0
**  assumptions 4 premises 60
** Reasoner time:0.01
** Label computation time 0.0
ew nogoods = []
ew nogoods length = 0
ns nogoods = []
ns nogoods length = 0
total nogood number is: 0
===================== processing the file south_tau3_20.txt =======================
**  assumptions 10 premises 0
** Reasoner time:0.0
** Label computation time 0.0
**  assumptions 10 premises 1344
** Reasoner time:68.83
** Label computation time 0.0
ew nogoods = []
ew nogoods length = 0
ns nogoods = []
ns nogoods length = 0
total nogood number is: 0
===================== processing the file south_tau3_21.txt =======================
**  assumptions 0 premises 0
** Reasoner time:0.0
** Label computation time 0.0
**  assumptions 0 premises 0
** Reasoner time:0.0
** Label computation time 0.0
ew nogoods = []
ew nogoods length = 0
ns nogoods = []
ns nogoods length = 0
total nogood number is: 0
===================== processing the file south_tau3_22.txt =======================
**  assumptions 13 premises 0
** Reasoner time:0.0
** Label computation time 0.0
**  assumptions 13 premises 3918
** Reasoner time:2020.17
** Label computation time 0.02
ew nogoods = []
ew nogoods length = 0
ns nogoods = []
ns nogoods length = 0
total nogood number is: 0
===================== processing the file south_tau3_23.txt =======================
**  assumptions 6 premises 0
** Reasoner time:0.0
** Label computation time 0.0
**  assumptions 6 premises 22
** Reasoner time:0.0
** Label computation time 0.0
ew nogoods = []
ew nogoods length = 0
ns nogoods = []
ns nogoods length = 0
total nogood number is: 0
===================== processing the file south_tau3_24.txt =======================
**  assumptions 14 premises 0
** Reasoner time:0.0
** Label computation time 0.0
**  assumptions 14 premises 266
** Reasoner time:0.2
** Label computation time 0.0
ew nogoods = []
ew nogoods length = 0
ns nogoods = []
ns nogoods length = 0
total nogood number is: 0
===================== processing the file south_tau3_25.txt =======================
**  assumptions 12 premises 0
** Reasoner time:0.0
** Label computation time 0.0
**  assumptions 12 premises 222
** Reasoner time:0.09
** Label computation time 0.0
ew nogoods = []
ew nogoods length = 0
ns nogoods = []
ns nogoods length = 0
total nogood number is: 0
===================== processing the file south_tau3_26.txt =======================
**  assumptions 4 premises 0
** Reasoner time:0.0
** Label computation time 0.0
**  assumptions 4 premises 184
** Reasoner time:0.11
** Label computation time 0.0
ew nogoods = []
ew nogoods length = 0
ns nogoods = []
ns nogoods length = 0
total nogood number is: 0
